2011-03-16 00:27:17 Warning: Warning (2): Invalid argument supplied for foreach() in [D:\wamp\www\inkoplan\app\views\elements\header.ctp, line 12]
2011-03-16 00:27:30 Warning: Warning (2): Invalid argument supplied for foreach() in [D:\wamp\www\inkoplan\app\views\elements\header.ctp, line 12]
2011-03-21 19:21:35 Warning: Warning (2): htmlentities() [<a href='http://php.net/function.htmlentities'>function.htmlentities</a>]: charset `-8' not supported, assuming iso-8859-1 in [D:\wamp\www\inkoplan\app\controllers\pages_controller.php, line 15]
2011-03-21 19:21:35 Warning: Warning (2): htmlentities() [<a href='http://php.net/function.htmlentities'>function.htmlentities</a>]: charset `-8' not supported, assuming iso-8859-1 in [D:\wamp\www\inkoplan\app\controllers\pages_controller.php, line 23]
2011-03-22 21:21:39 Warning: Warning (2): session_regenerate_id() [<a href='http://php.net/function.session-regenerate-id'>function.session-regenerate-id</a>]: Session object destruction failed in [D:\wamp\www\inkoplan\cake\libs\cake_session.php, line 644]
2011-04-18 19:01:00 Warning: Warning (512): D:\wamp\www\inkoplan\app\tmp\cache\persistent\ is not writable in [D:\wamp\www\inkoplan\cake\libs\cache\file.php, line 267]
2011-04-18 19:01:00 Warning: Warning (512): D:\wamp\www\inkoplan\app\tmp\cache\models\ is not writable in [D:\wamp\www\inkoplan\cake\libs\cache\file.php, line 267]
2011-04-18 19:01:00 Warning: Warning (512): D:\wamp\www\inkoplan\app\tmp\cache\persistent\ is not writable in [D:\wamp\www\inkoplan\cake\libs\cache\file.php, line 267]
2011-04-18 19:01:00 Warning: Warning (512): D:\wamp\www\inkoplan\app\tmp\cache\models\ is not writable in [D:\wamp\www\inkoplan\cake\libs\cache\file.php, line 267]
2011-04-18 19:01:01 Warning: Warning (512): D:\wamp\www\inkoplan\app\tmp\cache\persistent\ is not writable in [D:\wamp\www\inkoplan\cake\libs\cache\file.php, line 267]
2011-04-18 19:01:01 Warning: Warning (512): D:\wamp\www\inkoplan\app\tmp\cache\models\ is not writable in [D:\wamp\www\inkoplan\cake\libs\cache\file.php, line 267]
2011-04-18 19:01:02 Warning: Warning (512): D:\wamp\www\inkoplan\app\tmp\cache\persistent\ is not writable in [D:\wamp\www\inkoplan\cake\libs\cache\file.php, line 267]
2011-04-18 19:01:02 Warning: Warning (512): D:\wamp\www\inkoplan\app\tmp\cache\models\ is not writable in [D:\wamp\www\inkoplan\cake\libs\cache\file.php, line 267]
2011-04-18 19:01:02 Warning: Warning (512): D:\wamp\www\inkoplan\app\tmp\cache\persistent\ is not writable in [D:\wamp\www\inkoplan\cake\libs\cache\file.php, line 267]
2011-04-18 19:01:02 Warning: Warning (512): D:\wamp\www\inkoplan\app\tmp\cache\models\ is not writable in [D:\wamp\www\inkoplan\cake\libs\cache\file.php, line 267]
2011-04-18 19:01:04 Warning: Warning (512): D:\wamp\www\inkoplan\app\tmp\cache\persistent\ is not writable in [D:\wamp\www\inkoplan\cake\libs\cache\file.php, line 267]
2011-04-18 19:01:04 Warning: Warning (512): D:\wamp\www\inkoplan\app\tmp\cache\models\ is not writable in [D:\wamp\www\inkoplan\cake\libs\cache\file.php, line 267]
2011-04-18 19:01:04 Warning: Warning (512): D:\wamp\www\inkoplan\app\tmp\cache\persistent\ is not writable in [D:\wamp\www\inkoplan\cake\libs\cache\file.php, line 267]
2011-04-18 19:01:04 Warning: Warning (512): D:\wamp\www\inkoplan\app\tmp\cache\models\ is not writable in [D:\wamp\www\inkoplan\cake\libs\cache\file.php, line 267]
2011-04-18 19:01:05 Warning: Warning (512): D:\wamp\www\inkoplan\app\tmp\cache\persistent\ is not writable in [D:\wamp\www\inkoplan\cake\libs\cache\file.php, line 267]
2011-04-18 19:01:05 Warning: Warning (512): D:\wamp\www\inkoplan\app\tmp\cache\models\ is not writable in [D:\wamp\www\inkoplan\cake\libs\cache\file.php, line 267]
2011-04-18 19:03:51 Warning: Warning (512): D:\wamp\www\inkoplan\app\tmp\cache\persistent\ is not writable in [D:\wamp\www\inkoplan\cake\libs\cache\file.php, line 267]
2011-04-18 19:03:51 Warning: Warning (512): D:\wamp\www\inkoplan\app\tmp\cache\models\ is not writable in [D:\wamp\www\inkoplan\cake\libs\cache\file.php, line 267]
2011-04-18 19:03:52 Warning: Warning (512): D:\wamp\www\inkoplan\app\tmp\cache\persistent\ is not writable in [D:\wamp\www\inkoplan\cake\libs\cache\file.php, line 267]
2011-04-18 19:03:52 Warning: Warning (512): D:\wamp\www\inkoplan\app\tmp\cache\models\ is not writable in [D:\wamp\www\inkoplan\cake\libs\cache\file.php, line 267]
2011-04-18 19:03:53 Warning: Warning (512): D:\wamp\www\inkoplan\app\tmp\cache\persistent\ is not writable in [D:\wamp\www\inkoplan\cake\libs\cache\file.php, line 267]
2011-04-18 19:03:53 Warning: Warning (512): D:\wamp\www\inkoplan\app\tmp\cache\models\ is not writable in [D:\wamp\www\inkoplan\cake\libs\cache\file.php, line 267]
2011-04-18 19:04:05 Warning: Warning (512): D:\wamp\www\inkoplan\app\tmp\cache\persistent\ is not writable in [D:\wamp\www\inkoplan\cake\libs\cache\file.php, line 267]
2011-04-18 19:04:05 Warning: Warning (512): D:\wamp\www\inkoplan\app\tmp\cache\models\ is not writable in [D:\wamp\www\inkoplan\cake\libs\cache\file.php, line 267]
2011-04-18 19:04:05 Warning: Warning (512): D:\wamp\www\inkoplan\app\tmp\cache\persistent\ is not writable in [D:\wamp\www\inkoplan\cake\libs\cache\file.php, line 267]
2011-04-18 19:04:05 Warning: Warning (512): D:\wamp\www\inkoplan\app\tmp\cache\models\ is not writable in [D:\wamp\www\inkoplan\cake\libs\cache\file.php, line 267]
2011-04-18 19:04:06 Warning: Warning (512): D:\wamp\www\inkoplan\app\tmp\cache\persistent\ is not writable in [D:\wamp\www\inkoplan\cake\libs\cache\file.php, line 267]
2011-04-18 19:04:06 Warning: Warning (512): D:\wamp\www\inkoplan\app\tmp\cache\models\ is not writable in [D:\wamp\www\inkoplan\cake\libs\cache\file.php, line 267]
2011-04-18 19:04:08 Warning: Warning (512): D:\wamp\www\inkoplan\app\tmp\cache\persistent\ is not writable in [D:\wamp\www\inkoplan\cake\libs\cache\file.php, line 267]
2011-04-18 19:04:08 Warning: Warning (512): D:\wamp\www\inkoplan\app\tmp\cache\models\ is not writable in [D:\wamp\www\inkoplan\cake\libs\cache\file.php, line 267]
2011-04-18 19:04:50 Warning: Warning (512): D:\wamp\www\inkoplan\app\tmp\cache\persistent\ is not writable in [D:\wamp\www\inkoplan\cake\libs\cache\file.php, line 267]
2011-04-18 19:04:50 Warning: Warning (512): D:\wamp\www\inkoplan\app\tmp\cache\models\ is not writable in [D:\wamp\www\inkoplan\cake\libs\cache\file.php, line 267]
2011-04-18 19:04:50 Warning: Warning (512): D:\wamp\www\inkoplan\app\tmp\cache\persistent\ is not writable in [D:\wamp\www\inkoplan\cake\libs\cache\file.php, line 267]
2011-04-18 19:04:50 Warning: Warning (512): D:\wamp\www\inkoplan\app\tmp\cache\models\ is not writable in [D:\wamp\www\inkoplan\cake\libs\cache\file.php, line 267]
2011-04-18 19:04:55 Warning: Warning (512): D:\wamp\www\inkoplan\app\tmp\cache\persistent\ is not writable in [D:\wamp\www\inkoplan\cake\libs\cache\file.php, line 267]
2011-04-18 19:04:55 Warning: Warning (512): D:\wamp\www\inkoplan\app\tmp\cache\models\ is not writable in [D:\wamp\www\inkoplan\cake\libs\cache\file.php, line 267]
2011-04-18 19:04:55 Warning: Warning (512): D:\wamp\www\inkoplan\app\tmp\cache\persistent\ is not writable in [D:\wamp\www\inkoplan\cake\libs\cache\file.php, line 267]
2011-04-18 19:04:55 Warning: Warning (512): D:\wamp\www\inkoplan\app\tmp\cache\models\ is not writable in [D:\wamp\www\inkoplan\cake\libs\cache\file.php, line 267]
2011-04-18 19:04:57 Warning: Warning (512): D:\wamp\www\inkoplan\app\tmp\cache\persistent\ is not writable in [D:\wamp\www\inkoplan\cake\libs\cache\file.php, line 267]
2011-04-18 19:04:57 Warning: Warning (512): D:\wamp\www\inkoplan\app\tmp\cache\models\ is not writable in [D:\wamp\www\inkoplan\cake\libs\cache\file.php, line 267]
2011-04-23 22:39:25 Warning: Warning (512): <span style="color:Red;text-align:left"><b>SQL Error:</b> 1054: Unknown column 'Menuitem.id' in 'where clause'</span> in [D:\wamp\www\inkoplan\cake\libs\model\datasources\dbo_source.php, line 681]
